<?xml version="1.0" encoding="UTF-8"?>
<testng-results skipped="0" failed="0" ignored="0" total="3" passed="3">
  <reporter-output>
  </reporter-output>
  <suite name="Default suite" duration-ms="23325" started-at="2019-07-06T01:20:54Z" finished-at="2019-07-06T01:21:17Z">
    <groups>
    </groups>
    <test name="Default test" duration-ms="23325" started-at="2019-07-06T01:20:54Z" finished-at="2019-07-06T01:21:17Z">
      <class name="testNG.testbrowser">
        <test-method status="PASS" signature="openBrowser()[pri:0, instance:testNG.testbrowser@55f3ddb1]" name="openBrowser" is-config="true" duration-ms="4140" started-at="2019-07-06T01:20:54Z" finished-at="2019-07-06T01:20:58Z">
          <reporter-output>
          </reporter-output>
        </test-method> <!-- openBrowser -->
        <test-method status="PASS" signature="logo()[pri:0, instance:testNG.testbrowser@55f3ddb1]" name="logo" duration-ms="3054" started-at="2019-07-06T01:20:58Z" finished-at="2019-07-06T01:21:01Z">
          <reporter-output>
          </reporter-output>
        </test-method> <!-- logo -->
        <test-method status="PASS" signature="closetest()[pri:0, instance:testNG.testbrowser@55f3ddb1]" name="closetest" is-config="true" duration-ms="632" started-at="2019-07-06T01:21:01Z" finished-at="2019-07-06T01:21:02Z">
          <reporter-output>
          </reporter-output>
        </test-method> <!-- closetest -->
        <test-method status="PASS" signature="openBrowser()[pri:0, instance:testNG.testbrowser@55f3ddb1]" name="openBrowser" is-config="true" duration-ms="3618" started-at="2019-07-06T01:21:02Z" finished-at="2019-07-06T01:21:06Z">
          <reporter-output>
          </reporter-output>
        </test-method> <!-- openBrowser -->
        <test-method status="PASS" signature="serch()[pri:0, instance:testNG.testbrowser@55f3ddb1]" name="serch" duration-ms="4065" started-at="2019-07-06T01:21:06Z" finished-at="2019-07-06T01:21:10Z">
          <reporter-output>
          </reporter-output>
        </test-method> <!-- serch -->
        <test-method status="PASS" signature="closetest()[pri:0, instance:testNG.testbrowser@55f3ddb1]" name="closetest" is-config="true" duration-ms="653" started-at="2019-07-06T01:21:10Z" finished-at="2019-07-06T01:21:10Z">
          <reporter-output>
          </reporter-output>
        </test-method> <!-- closetest -->
        <test-method status="PASS" signature="openBrowser()[pri:0, instance:testNG.testbrowser@55f3ddb1]" name="openBrowser" is-config="true" duration-ms="3575" started-at="2019-07-06T01:21:10Z" finished-at="2019-07-06T01:21:14Z">
          <reporter-output>
          </reporter-output>
        </test-method> <!-- openBrowser -->
        <test-method status="PASS" signature="serch1()[pri:0, instance:testNG.testbrowser@55f3ddb1]" name="serch1" duration-ms="2920" started-at="2019-07-06T01:21:14Z" finished-at="2019-07-06T01:21:17Z">
          <reporter-output>
          </reporter-output>
        </test-method> <!-- serch1 -->
        <test-method status="PASS" signature="closetest()[pri:0, instance:testNG.testbrowser@55f3ddb1]" name="closetest" is-config="true" duration-ms="646" started-at="2019-07-06T01:21:17Z" finished-at="2019-07-06T01:21:17Z">
          <reporter-output>
          </reporter-output>
        </test-method> <!-- closetest -->
      </class> <!-- testNG.testbrowser -->
    </test> <!-- Default test -->
  </suite> <!-- Default suite -->
</testng-results>
