<?xml version="1.0" encoding="UTF-8"?>
<!-- Generated by org.testng.reporters.JUnitXMLReporter -->
<testsuite hostname="DESKTOP-1NB2K1E" ignored="0" name="Default test" tests="3" failures="0" timestamp="06 Jul 2019 01:21:17 GMT" time="23.325" errors="0">
  <testcase name="logo" time="3.054" classname="testNG.testbrowser"/>
  <testcase name="serch" time="4.065" classname="testNG.testbrowser"/>
  <testcase name="serch1" time="2.92" classname="testNG.testbrowser"/>
</testsuite> <!-- Default test -->
