<?xml version="1.0" encoding="UTF-8"?>
<!-- Generated by org.testng.reporters.JUnitXMLReporter -->
<testsuite hostname="DESKTOP-1NB2K1E" ignored="0" name="googleAddMultip" tests="5" failures="0" timestamp="06 Jul 2019 03:04:31 GMT" time="22.77" errors="0">
  <testcase name="add" time="0.006" classname="testNG.addition"/>
  <testcase name="add" time="0.001" classname="testNG.multip"/>
  <testcase name="serch" time="3.559" classname="testNG.testbrowser"/>
  <testcase name="logo" time="3.054" classname="testNG.testbrowser"/>
  <testcase name="serch1" time="3.014" classname="testNG.testbrowser"/>
</testsuite> <!-- googleAddMultip -->
